#
# A fatal error has been detected by the Java Runtime Environment:
#
#  Internal Error (javaClasses.cpp:129), pid=6312, tid=6856
#  fatal error: Invalid layout of preloaded class
#
# JRE version: 7.0_07-b11
# Java VM: Java HotSpot(TM) 64-Bit Server VM (23.3-b01 mixed mode windows-amd64 compressed oops)
# Failed to write core dump. Minidumps are not enabled by default on client versions of Windows
#
# If you would like to submit a bug report, please visit:
#   http://bugreport.sun.com/bugreport/crash.jsp
#

---------------  T H R E A D  ---------------

Current thread (0x000000000214d000):  JavaThread "Unknown thread" [_thread_in_vm, id=6856, stack(0x0000000002190000,0x0000000002290000)]

Stack: [0x0000000002190000,0x0000000002290000]

---------------  P R O C E S S  ---------------

Java Threads: ( => current thread )

Other Threads:

=>0x000000000214d000 (exited) JavaThread "Unknown thread" [_thread_in_vm, id=6856, stack(0x0000000002190000,0x0000000002290000)]

VM state:not at safepoint (not fully initialized)

VM Mutex/Monitor currently owned by a thread: None

GC Heap History (0 events):
No events

Deoptimization events (0 events):
No events

Internal exceptions (0 events):
No events

Events (10 events):
Event: 0.010 loading class 0x00000000020fcd60 done
Event: 0.010 loading class 0x00000000020b2ed0 done
Event: 0.010 loading class 0x00000000020b2ea0
Event: 0.011 loading class 0x0000000002105730
Event: 0.011 loading class 0x0000000002105730 done
Event: 0.011 loading class 0x0000000002105770
Event: 0.011 loading class 0x0000000002105770 done
Event: 0.011 loading class 0x000000000a33d260
Event: 0.011 loading class 0x000000000a33d260 done
Event: 0.011 loading class 0x00000000020b2ea0 done


Dynamic libraries:
0x000000013fbb0000 - 0x000000013fbe4000 	C:\Program Files\Java\jre7\bin\javaw.exe
0x0000000077bd0000 - 0x0000000077d79000 	C:\Windows\SYSTEM32\ntdll.dll
0x00000000779b0000 - 0x0000000077acf000 	C:\Windows\system32\kernel32.dll
0x000007fefdb90000 - 0x000007fefdbfb000 	C:\Windows\system32\KERNELBASE.dll
0x000007feff510000 - 0x000007feff5eb000 	C:\Windows\system32\ADVAPI32.dll
0x000007fefe0e0000 - 0x000007fefe17f000 	C:\Windows\system32\msvcrt.dll
0x000007fefe470000 - 0x000007fefe48f000 	C:\Windows\SYSTEM32\sechost.dll
0x000007fefe340000 - 0x000007fefe46d000 	C:\Windows\system32\RPCRT4.dll
0x0000000077ad0000 - 0x0000000077bca000 	C:\Windows\system32\USER32.dll
0x000007feff4a0000 - 0x000007feff507000 	C:\Windows\system32\GDI32.dll
0x000007feff490000 - 0x000007feff49e000 	C:\Windows\system32\LPK.dll
0x000007fefdde0000 - 0x000007fefdea9000 	C:\Windows\system32\USP10.dll
0x000007fefb470000 - 0x000007fefb664000 	C:\Windows\WinSxS\amd64_microsoft.windows.common-controls_6595b64144ccf1df_6.0.7601.17514_none_fa396087175ac9ac\COMCTL32.dll
0x000007fefe180000 - 0x000007fefe1f1000 	C:\Windows\system32\SHLWAPI.dll
0x000007fefe010000 - 0x000007fefe03e000 	C:\Windows\system32\IMM32.DLL
0x000007feff670000 - 0x000007feff779000 	C:\Windows\system32\MSCTF.dll
0x00000000693a0000 - 0x0000000069471000 	C:\Program Files\Java\jre7\bin\msvcr100.dll
0x0000000068c80000 - 0x000000006939f000 	C:\Program Files\Java\jre7\bin\server\jvm.dll
0x000007fef91d0000 - 0x000007fef91d9000 	C:\Windows\system32\WSOCK32.dll
0x000007feff220000 - 0x000007feff26d000 	C:\Windows\system32\WS2_32.dll
0x000007feff270000 - 0x000007feff278000 	C:\Windows\system32\NSI.dll
0x000007fefab90000 - 0x000007fefabcb000 	C:\Windows\system32\WINMM.dll
0x0000000077d90000 - 0x0000000077d97000 	C:\Windows\system32\PSAPI.DLL
0x0000000071eb0000 - 0x0000000071ebf000 	C:\Program Files\Java\jre7\bin\verify.dll
0x0000000071340000 - 0x0000000071368000 	C:\Program Files\Java\jre7\bin\java.dll
0x0000000071720000 - 0x0000000071735000 	C:\Program Files\Java\jre7\bin\zip.dll

VM Arguments:
jvm_args: -Dfile.encoding=Cp1252 -Xbootclasspath:C:\Users\Taylor Juve\Documents\Projects\Andriod Developer Tool (ADT)\adt-bundle-windows-x86_64-20130522\sdk\platforms\android-19\android.jar 
java_command: org.eclipse.jdt.internal.junit.runner.RemoteTestRunner -version 3 -port 51740 -testLoaderClass org.eclipse.jdt.internal.junit4.runner.JUnit4TestLoader -loaderpluginname org.eclipse.jdt.junit4.runtime -classNames com.onedrinkaway.test.TestSuite
Launcher Type: SUN_STANDARD

Environment Variables:
CLASSPATH=.;C:\Program Files (x86)\Java\jre6\lib\ext\QTJava.zip
PATH=C:\Program Files (x86)\NVIDIA Corporation\PhysX\Common;C:\Program Files (x86)\AMD APP\bin\x86_64;C:\Program Files (x86)\AMD APP\bin\x86;C:\Program Files\Common Files\Microsoft Shared\Windows Live;C:\Program Files (x86)\Common Files\Microsoft Shared\Windows Live;C:\Program Files (x86)\HP SimplePass 2011\x64;C:\Program Files (x86)\HP SimplePass 2011\;;C:\Windows\system32;C:\Windows;C:\Windows\System32\Wbem;C:\Windows\System32\WindowsPowerShell\v1.0\;C:\Program Files (x86)\Common Files\Roxio Shared\DLLShared\;C:\Program Files (x86)\Common Files\Roxio Shared\DLLShared\;C:\Program Files (x86)\Common Files\Roxio Shared\12.0\DLLShared\;C:\Program Files (x86)\Windows Live\Shared;C:\Program Files (x86)\ATI Technologies\ATI.ACE\Core-Static;C:\Program Files\Intel\WiFi\bin\;C:\Program Files\Common Files\Intel\WirelessCommon\;C:\Program Files (x86)\QuickTime\QTSystem\
USERNAME=Taylor Juve
OS=Windows_NT
PROCESSOR_IDENTIFIER=Intel64 Family 6 Model 42 Stepping 7, GenuineIntel



---------------  S Y S T E M  ---------------

OS: Windows 7 , 64 bit Build 7601 Service Pack 1

CPU:total 8 (4 cores per cpu, 2 threads per core) family 6 model 42 stepping 7, cmov, cx8, fxsr, mmx, sse, sse2, sse3, ssse3, sse4.1, sse4.2, popcnt, avx, ht, tsc, tscinvbit

Memory: 4k page, physical 6238064k(3193780k free), swap 12474264k(8996340k free)

vm_info: Java HotSpot(TM) 64-Bit Server VM (23.3-b01) for windows-amd64 JRE (1.7.0_07-b11), built on Sep  7 2012 01:19:25 by "java_re" with unknown MS VC++:1600

time: Fri May 02 22:33:16 2014
elapsed time: 0 seconds

