#
# A fatal error has been detected by the Java Runtime Environment:
#
#  Internal Error (javaClasses.cpp:124), pid=13726, tid=140005790226176
#  fatal error: Invalid layout of preloaded class
#
# JRE version:  (8.0_05-b13) (build )
# Java VM: Java HotSpot(TM) 64-Bit Server VM (25.5-b02 mixed mode linux-amd64 compressed oops)
# Failed to write core dump. Core dumps have been disabled. To enable core dumping, try "ulimit -c unlimited" before starting Java again
#
# If you would like to submit a bug report, please visit:
#   http://bugreport.sun.com/bugreport/crash.jsp
#

---------------  T H R E A D  ---------------

Current thread (0x00007f559c00a000):  JavaThread "Unknown thread" [_thread_in_vm, id=13728, stack(0x00007f55a3549000,0x00007f55a364a000)]

Stack: [0x00007f55a3549000,0x00007f55a364a000],  sp=0x00007f55a3648810,  free space=1022k
Native frames: (J=compiled Java code, j=interpreted, Vv=VM code, C=native code)
V  [libjvm.so+0xa2f43a]  VMError::report_and_die()+0x2ca
V  [libjvm.so+0x4b2809]  report_fatal(char const*, int, char const*)+0x59
V  [libjvm.so+0x63016c]  compute_offset(int&, Klass*, Symbol*, Symbol*, bool)+0x20c
V  [libjvm.so+0x630f19]  java_lang_String::compute_offsets()+0x39
V  [libjvm.so+0x9aeb46]  SystemDictionary::initialize_preloaded_classes(Thread*)+0x86
V  [libjvm.so+0x9fc79c]  Universe::genesis(Thread*)+0x3cc
V  [libjvm.so+0x9fca4c]  universe2_init()+0x2c
V  [libjvm.so+0x5d461d]  init_globals()+0xbd
V  [libjvm.so+0x9e44ad]  Threads::create_vm(JavaVMInitArgs*, bool*)+0x24d
V  [libjvm.so+0x6659f4]  JNI_CreateJavaVM+0x74
C  [libjli.so+0x703e]  JavaMain+0x9e


---------------  P R O C E S S  ---------------

Java Threads: ( => current thread )

Other Threads:

=>0x00007f559c00a000 (exited) JavaThread "Unknown thread" [_thread_in_vm, id=13728, stack(0x00007f55a3549000,0x00007f55a364a000)]

VM state:not at safepoint (not fully initialized)

VM Mutex/Monitor currently owned by a thread: None

GC Heap History (0 events):
No events

Deoptimization events (0 events):
No events

Internal exceptions (0 events):
No events

Events (10 events):
Event: 0.010 loading class java/lang/CharSequence done
Event: 0.011 loading class java/lang/String done
Event: 0.011 loading class java/lang/Class
Event: 0.011 loading class java/lang/reflect/AnnotatedElement
Event: 0.011 loading class java/lang/reflect/AnnotatedElement done
Event: 0.011 loading class java/lang/reflect/GenericDeclaration
Event: 0.011 loading class java/lang/reflect/GenericDeclaration done
Event: 0.011 loading class java/lang/reflect/Type
Event: 0.011 loading class java/lang/reflect/Type done
Event: 0.011 loading class java/lang/Class done


Dynamic libraries:
00400000-00401000 r-xp 00000000 08:11 9438493                            /usr/lib/jvm/java-8-oracle/bin/java
00600000-00601000 rw-p 00000000 08:11 9438493                            /usr/lib/jvm/java-8-oracle/bin/java
007df000-00800000 rw-p 00000000 00:00 0                                  [heap]
6c6c00000-6d6480000 rw-p 00000000 00:00 0 
6d6480000-76cf00000 ---p 00000000 00:00 0 
76cf00000-76d080000 rw-p 00000000 00:00 0 
76d080000-7c0000000 ---p 00000000 00:00 0 
7c0000000-7c0060000 rw-p 00000000 00:00 0 
7c0060000-800000000 ---p 00000000 00:00 0 
7f5570360000-7f5578000000 rw-p 00000000 00:00 0 
7f5578000000-7f5578021000 rw-p 00000000 00:00 0 
7f5578021000-7f557c000000 ---p 00000000 00:00 0 
7f557c000000-7f557c021000 rw-p 00000000 00:00 0 
7f557c021000-7f5580000000 ---p 00000000 00:00 0 
7f5580000000-7f5580021000 rw-p 00000000 00:00 0 
7f5580021000-7f5584000000 ---p 00000000 00:00 0 
7f5586eb5000-7f5587436000 rw-p 00000000 00:00 0 
7f5587436000-7f5587836000 ---p 00000000 00:00 0 
7f5587836000-7f5588000000 rw-p 00000000 00:00 0 
7f5588000000-7f5588021000 rw-p 00000000 00:00 0 
7f5588021000-7f558c000000 ---p 00000000 00:00 0 
7f558c044000-7f558c12b000 rw-p 00000000 00:00 0 
7f558c12b000-7f558c202000 r--s 013fe000 08:11 4594542                    /home/avalanche/eclipse/sdk/platforms/android-19/android.jar
7f558c202000-7f558c203000 ---p 00000000 00:00 0 
7f558c203000-7f558c380000 rw-p 00000000 00:00 0                          [stack:13736]
7f558c380000-7f558c835000 ---p 00000000 00:00 0 
7f558c835000-7f558c8b2000 rw-p 00000000 00:00 0 
7f558c8b2000-7f558cd66000 ---p 00000000 00:00 0 
7f558cd66000-7f558cd68000 rw-p 00000000 00:00 0 
7f558cd68000-7f558cfff000 ---p 00000000 00:00 0 
7f558cfff000-7f558d000000 rw-p 00000000 00:00 0 
7f558d000000-7f558d270000 rwxp 00000000 00:00 0 
7f558d270000-7f559c000000 ---p 00000000 00:00 0 
7f559c000000-7f559c051000 rw-p 00000000 00:00 0 
7f559c051000-7f55a0000000 ---p 00000000 00:00 0 
7f55a0022000-7f55a00bf000 rw-p 00000000 00:00 0 
7f55a00bf000-7f55a00c0000 ---p 00000000 00:00 0 
7f55a00c0000-7f55a01c0000 rw-p 00000000 00:00 0                          [stack:13734]
7f55a01c0000-7f55a01c1000 ---p 00000000 00:00 0 
7f55a01c1000-7f55a02c1000 rw-p 00000000 00:00 0                          [stack:13732]
7f55a02c1000-7f55a02c2000 ---p 00000000 00:00 0 
7f55a02c2000-7f55a03cc000 rw-p 00000000 00:00 0                          [stack:13730]
7f55a03cc000-7f55a0782000 ---p 00000000 00:00 0 
7f55a0782000-7f55a079e000 r-xp 00000000 08:11 9312382                    /usr/lib/jvm/java-8-oracle/jre/lib/amd64/libzip.so
7f55a079e000-7f55a099d000 ---p 0001c000 08:11 9312382                    /usr/lib/jvm/java-8-oracle/jre/lib/amd64/libzip.so
7f55a099d000-7f55a099e000 rw-p 0001b000 08:11 9312382                    /usr/lib/jvm/java-8-oracle/jre/lib/amd64/libzip.so
7f55a099e000-7f55a09a9000 r-xp 00000000 08:11 5509061                    /lib/x86_64-linux-gnu/libnss_files-2.19.so
7f55a09a9000-7f55a0ba8000 ---p 0000b000 08:11 5509061                    /lib/x86_64-linux-gnu/libnss_files-2.19.so
7f55a0ba8000-7f55a0ba9000 r--p 0000a000 08:11 5509061                    /lib/x86_64-linux-gnu/libnss_files-2.19.so
7f55a0ba9000-7f55a0baa000 rw-p 0000b000 08:11 5509061                    /lib/x86_64-linux-gnu/libnss_files-2.19.so
7f55a0baa000-7f55a0bb5000 r-xp 00000000 08:11 5509071                    /lib/x86_64-linux-gnu/libnss_nis-2.19.so
7f55a0bb5000-7f55a0db4000 ---p 0000b000 08:11 5509071                    /lib/x86_64-linux-gnu/libnss_nis-2.19.so
7f55a0db4000-7f55a0db5000 r--p 0000a000 08:11 5509071                    /lib/x86_64-linux-gnu/libnss_nis-2.19.so
7f55a0db5000-7f55a0db6000 rw-p 0000b000 08:11 5509071                    /lib/x86_64-linux-gnu/libnss_nis-2.19.so
7f55a0db6000-7f55a0dcd000 r-xp 00000000 08:11 5509055                    /lib/x86_64-linux-gnu/libnsl-2.19.so
7f55a0dcd000-7f55a0fcc000 ---p 00017000 08:11 5509055                    /lib/x86_64-linux-gnu/libnsl-2.19.so
7f55a0fcc000-7f55a0fcd000 r--p 00016000 08:11 5509055                    /lib/x86_64-linux-gnu/libnsl-2.19.so
7f55a0fcd000-7f55a0fce000 rw-p 00017000 08:11 5509055                    /lib/x86_64-linux-gnu/libnsl-2.19.so
7f55a0fce000-7f55a0fd0000 rw-p 00000000 00:00 0 
7f55a0fd0000-7f55a0fd9000 r-xp 00000000 08:11 5509057                    /lib/x86_64-linux-gnu/libnss_compat-2.19.so
7f55a0fd9000-7f55a11d8000 ---p 00009000 08:11 5509057                    /lib/x86_64-linux-gnu/libnss_compat-2.19.so
7f55a11d8000-7f55a11d9000 r--p 00008000 08:11 5509057                    /lib/x86_64-linux-gnu/libnss_compat-2.19.so
7f55a11d9000-7f55a11da000 rw-p 00009000 08:11 5509057                    /lib/x86_64-linux-gnu/libnss_compat-2.19.so
7f55a11da000-7f55a1204000 r-xp 00000000 08:11 9312393                    /usr/lib/jvm/java-8-oracle/jre/lib/amd64/libjava.so
7f55a1204000-7f55a1404000 ---p 0002a000 08:11 9312393                    /usr/lib/jvm/java-8-oracle/jre/lib/amd64/libjava.so
7f55a1404000-7f55a1406000 rw-p 0002a000 08:11 9312393                    /usr/lib/jvm/java-8-oracle/jre/lib/amd64/libjava.so
7f55a1406000-7f55a1413000 r-xp 00000000 08:11 9312372                    /usr/lib/jvm/java-8-oracle/jre/lib/amd64/libverify.so
7f55a1413000-7f55a1613000 ---p 0000d000 08:11 9312372                    /usr/lib/jvm/java-8-oracle/jre/lib/amd64/libverify.so
7f55a1613000-7f55a1615000 rw-p 0000d000 08:11 9312372                    /usr/lib/jvm/java-8-oracle/jre/lib/amd64/libverify.so
7f55a1615000-7f55a161c000 r-xp 00000000 08:11 5509114                    /lib/x86_64-linux-gnu/librt-2.19.so
7f55a161c000-7f55a181b000 ---p 00007000 08:11 5509114                    /lib/x86_64-linux-gnu/librt-2.19.so
7f55a181b000-7f55a181c000 r--p 00006000 08:11 5509114                    /lib/x86_64-linux-gnu/librt-2.19.so
7f55a181c000-7f55a181d000 rw-p 00007000 08:11 5509114                    /lib/x86_64-linux-gnu/librt-2.19.so
7f55a181d000-7f55a1922000 r-xp 00000000 08:11 5509036                    /lib/x86_64-linux-gnu/libm-2.19.so
7f55a1922000-7f55a1b21000 ---p 00105000 08:11 5509036                    /lib/x86_64-linux-gnu/libm-2.19.so
7f55a1b21000-7f55a1b22000 r--p 00104000 08:11 5509036                    /lib/x86_64-linux-gnu/libm-2.19.so
7f55a1b22000-7f55a1b23000 rw-p 00105000 08:11 5509036                    /lib/x86_64-linux-gnu/libm-2.19.so
7f55a1b23000-7f55a273d000 r-xp 00000000 08:11 9312438                    /usr/lib/jvm/java-8-oracle/jre/lib/amd64/server/libjvm.so
7f55a273d000-7f55a293c000 ---p 00c1a000 08:11 9312438                    /usr/lib/jvm/java-8-oracle/jre/lib/amd64/server/libjvm.so
7f55a293c000-7f55a2a05000 rw-p 00c19000 08:11 9312438                    /usr/lib/jvm/java-8-oracle/jre/lib/amd64/server/libjvm.so
7f55a2a05000-7f55a2a46000 rw-p 00000000 00:00 0 
7f55a2a46000-7f55a2c02000 r-xp 00000000 08:11 5508986                    /lib/x86_64-linux-gnu/libc-2.19.so
7f55a2c02000-7f55a2e01000 ---p 001bc000 08:11 5508986                    /lib/x86_64-linux-gnu/libc-2.19.so
7f55a2e01000-7f55a2e05000 r--p 001bb000 08:11 5508986                    /lib/x86_64-linux-gnu/libc-2.19.so
7f55a2e05000-7f55a2e07000 rw-p 001bf000 08:11 5508986                    /lib/x86_64-linux-gnu/libc-2.19.so
7f55a2e07000-7f55a2e0c000 rw-p 00000000 00:00 0 
7f55a2e0c000-7f55a2e0f000 r-xp 00000000 08:11 5509003                    /lib/x86_64-linux-gnu/libdl-2.19.so
7f55a2e0f000-7f55a300e000 ---p 00003000 08:11 5509003                    /lib/x86_64-linux-gnu/libdl-2.19.so
7f55a300e000-7f55a300f000 r--p 00002000 08:11 5509003                    /lib/x86_64-linux-gnu/libdl-2.19.so
7f55a300f000-7f55a3010000 rw-p 00003000 08:11 5509003                    /lib/x86_64-linux-gnu/libdl-2.19.so
7f55a3010000-7f55a3027000 r-xp 00000000 08:11 9052484                    /usr/lib/jvm/java-8-oracle/lib/amd64/jli/libjli.so
7f55a3027000-7f55a3226000 ---p 00017000 08:11 9052484                    /usr/lib/jvm/java-8-oracle/lib/amd64/jli/libjli.so
7f55a3226000-7f55a3227000 rw-p 00016000 08:11 9052484                    /usr/lib/jvm/java-8-oracle/lib/amd64/jli/libjli.so
7f55a3227000-7f55a3240000 r-xp 00000000 08:11 5509106                    /lib/x86_64-linux-gnu/libpthread-2.19.so
7f55a3240000-7f55a343f000 ---p 00019000 08:11 5509106                    /lib/x86_64-linux-gnu/libpthread-2.19.so
7f55a343f000-7f55a3440000 r--p 00018000 08:11 5509106                    /lib/x86_64-linux-gnu/libpthread-2.19.so
7f55a3440000-7f55a3441000 rw-p 00019000 08:11 5509106                    /lib/x86_64-linux-gnu/libpthread-2.19.so
7f55a3441000-7f55a3445000 rw-p 00000000 00:00 0 
7f55a3445000-7f55a3468000 r-xp 00000000 08:11 5508962                    /lib/x86_64-linux-gnu/ld-2.19.so
7f55a3478000-7f55a3549000 rw-p 00000000 00:00 0 
7f55a3549000-7f55a354c000 ---p 00000000 00:00 0 
7f55a354c000-7f55a364e000 rw-p 00000000 00:00 0                          [stack:13728]
7f55a3659000-7f55a365b000 rw-p 00000000 00:00 0 
7f55a365b000-7f55a3663000 rw-s 00000000 08:11 1311670                    /tmp/hsperfdata_avalanche/13726
7f55a3663000-7f55a3664000 rw-p 00000000 00:00 0 
7f55a3664000-7f55a3665000 r--p 00000000 00:00 0 
7f55a3665000-7f55a3667000 rw-p 00000000 00:00 0 
7f55a3667000-7f55a3668000 r--p 00022000 08:11 5508962                    /lib/x86_64-linux-gnu/ld-2.19.so
7f55a3668000-7f55a3669000 rw-p 00023000 08:11 5508962                    /lib/x86_64-linux-gnu/ld-2.19.so
7f55a3669000-7f55a366a000 rw-p 00000000 00:00 0 
7fff966a2000-7fff966c3000 rw-p 00000000 00:00 0                          [stack]
7fff96793000-7fff96795000 r-xp 00000000 00:00 0                          [vdso]
ffffffffff600000-ffffffffff601000 r-xp 00000000 00:00 0                  [vsyscall]

VM Arguments:
jvm_args: -Dfile.encoding=UTF-8 -Xbootclasspath:/home/avalanche/eclipse/sdk/platforms/android-19/android.jar 
java_command: org.eclipse.jdt.internal.junit.runner.RemoteTestRunner -version 3 -port 36425 -testLoaderClass org.eclipse.jdt.internal.junit4.runner.JUnit4TestLoader -loaderpluginname org.eclipse.jdt.junit4.runtime -classNames test.DrinkTest
java_class_path (initial): /home/avalanche/git/OneDrinkAway/OneDrinkAway/bin/classes:/home/avalanche/workspace/appcompat_v7/libs/android-support-v4.jar:/home/avalanche/git/OneDrinkAway/OneDrinkAway/libs/ujmp-complete-0.2.5.jar:/home/avalanche/git/OneDrinkAway/OneDrinkAway/libs/Jama-1.0.3.jar:/home/avalanche/workspace/appcompat_v7/libs/android-support-v7-appcompat.jar:/home/avalanche/workspace/appcompat_v7/bin/appcompat_v7.jar:/home/avalanche/eclipse/plugins/org.junit_4.11.0.v201303080030/junit.jar:/home/avalanche/eclipse/plugins/org.hamcrest.core_1.3.0.v201303031735.jar:/home/avalanche/eclipse/configuration/org.eclipse.osgi/bundles/165/1/.cp/:/home/avalanche/eclipse/configuration/org.eclipse.osgi/bundles/164/1/.cp/
Launcher Type: SUN_STANDARD

Environment Variables:
PATH=/usr/local/sbin:/usr/local/bin:/usr/sbin:/usr/bin:/sbin:/bin:/usr/games:/usr/local/games
USERNAME=avalanche
SHELL=/bin/bash
DISPLAY=:0

Signal Handlers:
SIGSEGV: [libjvm.so+0xa2fc90], sa_mask[0]=0x7ffbfeff, sa_flags=0x10000004
SIGBUS: [libjvm.so+0xa2fc90], sa_mask[0]=0x7ffbfeff, sa_flags=0x10000004
SIGFPE: [libjvm.so+0x89b4b0], sa_mask[0]=0x7ffbfeff, sa_flags=0x10000004
SIGPIPE: [libjvm.so+0x89b4b0], sa_mask[0]=0x7ffbfeff, sa_flags=0x10000004
SIGXFSZ: [libjvm.so+0x89b4b0], sa_mask[0]=0x7ffbfeff, sa_flags=0x10000004
SIGILL: [libjvm.so+0x89b4b0], sa_mask[0]=0x7ffbfeff, sa_flags=0x10000004
SIGUSR1: SIG_DFL, sa_mask[0]=0x00000000, sa_flags=0x00000000
SIGUSR2: [libjvm.so+0x89cc50], sa_mask[0]=0x00000004, sa_flags=0x10000004
SIGHUP: SIG_DFL, sa_mask[0]=0x00000000, sa_flags=0x00000000
SIGINT: SIG_DFL, sa_mask[0]=0x00000000, sa_flags=0x00000000
SIGTERM: SIG_DFL, sa_mask[0]=0x00000000, sa_flags=0x00000000
SIGQUIT: SIG_DFL, sa_mask[0]=0x00000000, sa_flags=0x00000000


---------------  S Y S T E M  ---------------

OS:DISTRIB_ID=Ubuntu
DISTRIB_RELEASE=14.04
DISTRIB_CODENAME=trusty
DISTRIB_DESCRIPTION="Ubuntu 14.04 LTS"

uname:Linux 3.13.0-24-generic #47-Ubuntu SMP Fri May 2 23:30:00 UTC 2014 x86_64
libc:glibc 2.19 NPTL 2.19 
rlimit: STACK 8192k, CORE 0k, NPROC 127388, NOFILE 4096, AS infinity
load average:1.45 1.01 0.77

/proc/meminfo:
MemTotal:       16327260 kB
MemFree:         2345852 kB
Buffers:          210280 kB
Cached:          9435920 kB
SwapCached:        11000 kB
Active:          7640076 kB
Inactive:        5647796 kB
Active(anon):    2752440 kB
Inactive(anon):   899848 kB
Active(file):    4887636 kB
Inactive(file):  4747948 kB
Unevictable:         416 kB
Mlocked:             416 kB
SwapTotal:      16667644 kB
SwapFree:       16568016 kB
Dirty:               228 kB
Writeback:             0 kB
AnonPages:       3633072 kB
Mapped:           263716 kB
Shmem:             10616 kB
Slab:             452168 kB
SReclaimable:     411624 kB
SUnreclaim:        40544 kB
KernelStack:        5544 kB
PageTables:        49224 kB
NFS_Unstable:          0 kB
Bounce:                0 kB
WritebackTmp:          0 kB
CommitLimit:    24831272 kB
Committed_AS:    8785496 kB
VmallocTotal:   34359738367 kB
VmallocUsed:      406796 kB
VmallocChunk:   34359324668 kB
HardwareCorrupted:     0 kB
AnonHugePages:   1665024 kB
HugePages_Total:       0
HugePages_Free:        0
HugePages_Rsvd:        0
HugePages_Surp:        0
Hugepagesize:       2048 kB
DirectMap4k:      408984 kB
DirectMap2M:    16261120 kB


CPU:total 4 (4 cores per cpu, 1 threads per core) family 6 model 58 stepping 9, cmov, cx8, fxsr, mmx, sse, sse2, sse3, ssse3, sse4.1, sse4.2, popcnt, avx, aes, clmul, erms, tsc, tscinvbit

/proc/cpuinfo:
processor	: 0
vendor_id	: GenuineIntel
cpu family	: 6
model		: 58
model name	: Intel(R) Core(TM) i5-3570K CPU @ 3.40GHz
stepping	: 9
microcode	: 0x12
cpu MHz		: 1900.000
cache size	: 6144 KB
physical id	: 0
siblings	: 4
core id		: 0
cpu cores	: 4
apicid		: 0
initial apicid	: 0
fpu		: yes
fpu_exception	: yes
cpuid level	: 13
wp		: yes
flags		: fpu vme de pse tsc msr pae mce cx8 apic sep mtrr pge mca cmov pat pse36 clflush dts acpi mmx fxsr sse sse2 ss ht tm pbe syscall nx rdtscp lm constant_tsc arch_perfmon pebs bts rep_good nopl xtopology nonstop_tsc aperfmperf eagerfpu pni pclmulqdq dtes64 monitor ds_cpl vmx est tm2 ssse3 cx16 xtpr pdcm pcid sse4_1 sse4_2 popcnt tsc_deadline_timer aes xsave avx f16c rdrand lahf_lm ida arat epb xsaveopt pln pts dtherm tpr_shadow vnmi flexpriority ept vpid fsgsbase smep erms
bogomips	: 6800.24
clflush size	: 64
cache_alignment	: 64
address sizes	: 36 bits physical, 48 bits virtual
power management:

processor	: 1
vendor_id	: GenuineIntel
cpu family	: 6
model		: 58
model name	: Intel(R) Core(TM) i5-3570K CPU @ 3.40GHz
stepping	: 9
microcode	: 0x12
cpu MHz		: 2100.000
cache size	: 6144 KB
physical id	: 0
siblings	: 4
core id		: 1
cpu cores	: 4
apicid		: 2
initial apicid	: 2
fpu		: yes
fpu_exception	: yes
cpuid level	: 13
wp		: yes
flags		: fpu vme de pse tsc msr pae mce cx8 apic sep mtrr pge mca cmov pat pse36 clflush dts acpi mmx fxsr sse sse2 ss ht tm pbe syscall nx rdtscp lm constant_tsc arch_perfmon pebs bts rep_good nopl xtopology nonstop_tsc aperfmperf eagerfpu pni pclmulqdq dtes64 monitor ds_cpl vmx est tm2 ssse3 cx16 xtpr pdcm pcid sse4_1 sse4_2 popcnt tsc_deadline_timer aes xsave avx f16c rdrand lahf_lm ida arat epb xsaveopt pln pts dtherm tpr_shadow vnmi flexpriority ept vpid fsgsbase smep erms
bogomips	: 6800.24
clflush size	: 64
cache_alignment	: 64
address sizes	: 36 bits physical, 48 bits virtual
power management:

processor	: 2
vendor_id	: GenuineIntel
cpu family	: 6
model		: 58
model name	: Intel(R) Core(TM) i5-3570K CPU @ 3.40GHz
stepping	: 9
microcode	: 0x12
cpu MHz		: 2800.000
cache size	: 6144 KB
physical id	: 0
siblings	: 4
core id		: 2
cpu cores	: 4
apicid		: 4
initial apicid	: 4
fpu		: yes
fpu_exception	: yes
cpuid level	: 13
wp		: yes
flags		: fpu vme de pse tsc msr pae mce cx8 apic sep mtrr pge mca cmov pat pse36 clflush dts acpi mmx fxsr sse sse2 ss ht tm pbe syscall nx rdtscp lm constant_tsc arch_perfmon pebs bts rep_good nopl xtopology nonstop_tsc aperfmperf eagerfpu pni pclmulqdq dtes64 monitor ds_cpl vmx est tm2 ssse3 cx16 xtpr pdcm pcid sse4_1 sse4_2 popcnt tsc_deadline_timer aes xsave avx f16c rdrand lahf_lm ida arat epb xsaveopt pln pts dtherm tpr_shadow vnmi flexpriority ept vpid fsgsbase smep erms
bogomips	: 6800.24
clflush size	: 64
cache_alignment	: 64
address sizes	: 36 bits physical, 48 bits virtual
power management:

processor	: 3
vendor_id	: GenuineIntel
cpu family	: 6
model		: 58
model name	: Intel(R) Core(TM) i5-3570K CPU @ 3.40GHz
stepping	: 9
microcode	: 0x12
cpu MHz		: 3401.000
cache size	: 6144 KB
physical id	: 0
siblings	: 4
core id		: 3
cpu cores	: 4
apicid		: 6
initial apicid	: 6
fpu		: yes
fpu_exception	: yes
cpuid level	: 13
wp		: yes
flags		: fpu vme de pse tsc msr pae mce cx8 apic sep mtrr pge mca cmov pat pse36 clflush dts acpi mmx fxsr sse sse2 ss ht tm pbe syscall nx rdtscp lm constant_tsc arch_perfmon pebs bts rep_good nopl xtopology nonstop_tsc aperfmperf eagerfpu pni pclmulqdq dtes64 monitor ds_cpl vmx est tm2 ssse3 cx16 xtpr pdcm pcid sse4_1 sse4_2 popcnt tsc_deadline_timer aes xsave avx f16c rdrand lahf_lm ida arat epb xsaveopt pln pts dtherm tpr_shadow vnmi flexpriority ept vpid fsgsbase smep erms
bogomips	: 6800.24
clflush size	: 64
cache_alignment	: 64
address sizes	: 36 bits physical, 48 bits virtual
power management:



Memory: 4k page, physical 16327260k(2345852k free), swap 16667644k(16568016k free)

vm_info: Java HotSpot(TM) 64-Bit Server VM (25.5-b02) for linux-amd64 JRE (1.8.0_05-b13), built on Mar 18 2014 00:29:27 by "java_re" with gcc 4.3.0 20080428 (Red Hat 4.3.0-8)

time: Fri May 16 20:40:37 2014
elapsed time: 0 seconds

